Watching for file changes with StatReloader
Performing system checks...

System check identified no issues (0 silenced).
November 04, 2023 - 15:58:14
Django version 4.2.6, using settings 'selam_app.settings'
Starting development server at http://127.0.0.1:8000/
Quit the server with CONTROL-C.

Watching for file changes with StatReloader
Performing system checks...

System check identified no issues (0 silenced).
Error: That port is already in use.
/home/ubuntu/selam_social_web_app/selam_app/selam_app/settings.py changed, reloading.
Watching for file changes with StatReloader
Performing system checks...

System check identified no issues (0 silenced).
November 04, 2023 - 16:38:49
Django version 4.2.6, using settings 'selam_app.settings'
Starting development server at http://127.0.0.1:8000/
Quit the server with CONTROL-C.

Watching for file changes with StatReloader
Performing system checks...

System check identified no issues (0 silenced).
November 06, 2023 - 14:27:19
Django version 4.2.6, using settings 'selam_app.settings'
Starting development server at http://0.0.0.0:8000/
Quit the server with CONTROL-C.

[06/Nov/2023 14:27:28] "GET /signin HTTP/1.1" 200 5469
[06/Nov/2023 14:27:47] "POST /signin HTTP/1.1" 302 0
Internal Server Error: /
Traceback (most recent call last):
  File "/usr/local/lib/python3.8/dist-packages/django/template/base.py", line 880, in _resolve_lookup
    current = current[bit]
TypeError: 'ImageFieldFile' object is not subscriptable

During handling of the above exception, another exception occurred:

Traceback (most recent call last):
  File "/usr/local/lib/python3.8/dist-packages/django/core/handlers/exception.py", line 55, in inner
    response = get_response(request)
  File "/usr/local/lib/python3.8/dist-packages/django/core/handlers/base.py", line 197, in _get_response
    response = wrapped_callback(request, *callback_args, **callback_kwargs)
  File "/usr/local/lib/python3.8/dist-packages/django/contrib/auth/decorators.py", line 23, in _wrapper_view
    return view_func(request, *args, **kwargs)
  File "/home/ubuntu/selam_social_web_app/selam_app/wana/views.py", line 57, in index
    return render(request, 'index.html', {'user_profile': user_profile, 'posts':feed_list, 'suggestions_username_profile_list': suggestions_username_profile_list[:5]})
  File "/usr/local/lib/python3.8/dist-packages/django/shortcuts.py", line 24, in render
    content = loader.render_to_string(template_name, context, request, using=using)
  File "/usr/local/lib/python3.8/dist-packages/django/template/loader.py", line 62, in render_to_string
    return template.render(context, request)
  File "/usr/local/lib/python3.8/dist-packages/django/template/backends/django.py", line 61, in render
    return self.template.render(context)
  File "/usr/local/lib/python3.8/dist-packages/django/template/base.py", line 175, in render
    return self._render(context)
  File "/usr/local/lib/python3.8/dist-packages/django/template/base.py", line 167, in _render
    return self.nodelist.render(context)
  File "/usr/local/lib/python3.8/dist-packages/django/template/base.py", line 1005, in render
    return SafeString("".join([node.render_annotated(context) for node in self]))
  File "/usr/local/lib/python3.8/dist-packages/django/template/base.py", line 1005, in <listcomp>
    return SafeString("".join([node.render_annotated(context) for node in self]))
  File "/usr/local/lib/python3.8/dist-packages/django/template/base.py", line 966, in render_annotated
    return self.render(context)
  File "/usr/local/lib/python3.8/dist-packages/django/template/defaulttags.py", line 238, in render
    nodelist.append(node.render_annotated(context))
  File "/usr/local/lib/python3.8/dist-packages/django/template/base.py", line 966, in render_annotated
    return self.render(context)
  File "/usr/local/lib/python3.8/dist-packages/django/template/base.py", line 1064, in render
    output = self.filter_expression.resolve(context)
  File "/usr/local/lib/python3.8/dist-packages/django/template/base.py", line 715, in resolve
    obj = self.var.resolve(context)
  File "/usr/local/lib/python3.8/dist-packages/django/template/base.py", line 847, in resolve
    value = self._resolve_lookup(context)
  File "/usr/local/lib/python3.8/dist-packages/django/template/base.py", line 890, in _resolve_lookup
    current = getattr(current, bit)
  File "/usr/local/lib/python3.8/dist-packages/django/db/models/fields/files.py", line 66, in url
    self._require_file()
  File "/usr/local/lib/python3.8/dist-packages/django/db/models/fields/files.py", line 41, in _require_file
    raise ValueError(
ValueError: The 'image' attribute has no file associated with it.
[06/Nov/2023 14:27:48] "GET / HTTP/1.1" 500 156424
[06/Nov/2023 14:29:42] "GET /admin/ HTTP/1.1" 302 0
[06/Nov/2023 14:29:42] "GET /admin/login/?next=/admin/ HTTP/1.1" 200 3701
[06/Nov/2023 14:29:43] "GET /static/admin/css/base.css HTTP/1.1" 304 0
[06/Nov/2023 14:29:43] "GET /static/admin/css/dark_mode.css HTTP/1.1" 304 0
[06/Nov/2023 14:29:43] "GET /static/admin/css/responsive.css HTTP/1.1" 304 0
[06/Nov/2023 14:29:43] "GET /static/admin/css/nav_sidebar.css HTTP/1.1" 304 0
[06/Nov/2023 14:29:43] "GET /static/admin/css/login.css HTTP/1.1" 304 0
[06/Nov/2023 14:29:44] "GET /static/admin/js/theme.js HTTP/1.1" 304 0
[06/Nov/2023 14:29:44] "GET /static/admin/js/nav_sidebar.js HTTP/1.1" 304 0
[06/Nov/2023 14:29:50] "POST /admin/login/?next=/admin/ HTTP/1.1" 302 0
[06/Nov/2023 14:29:50] "GET /admin/ HTTP/1.1" 200 8545
[06/Nov/2023 14:29:51] "GET /static/admin/css/dashboard.css HTTP/1.1" 304 0
[06/Nov/2023 14:29:52] "GET /static/admin/img/icon-changelink.svg HTTP/1.1" 304 0
[06/Nov/2023 14:29:52] "GET /static/admin/img/icon-addlink.svg HTTP/1.1" 304 0
[06/Nov/2023 14:29:52] "GET /static/admin/img/icon-deletelink.svg HTTP/1.1" 200 392
[06/Nov/2023 14:29:58] "GET /admin/wana/post/ HTTP/1.1" 200 9790
[06/Nov/2023 14:29:58] "GET /static/admin/js/core.js HTTP/1.1" 304 0
[06/Nov/2023 14:29:58] "GET /static/admin/js/vendor/jquery/jquery.js HTTP/1.1" 304 0
[06/Nov/2023 14:29:58] "GET /static/admin/js/jquery.init.js HTTP/1.1" 304 0
[06/Nov/2023 14:29:58] "GET /static/admin/css/changelists.css HTTP/1.1" 304 0
[06/Nov/2023 14:29:58] "GET /admin/jsi18n/ HTTP/1.1" 200 3343
[06/Nov/2023 14:29:59] "GET /static/admin/js/urlify.js HTTP/1.1" 304 0
[06/Nov/2023 14:29:59] "GET /static/admin/js/vendor/xregexp/xregexp.js HTTP/1.1" 304 0
[06/Nov/2023 14:29:59] "GET /static/admin/js/actions.js HTTP/1.1" 304 0
[06/Nov/2023 14:29:59] "GET /static/admin/js/prepopulate.js HTTP/1.1" 304 0
[06/Nov/2023 14:29:59] "GET /static/admin/js/admin/RelatedObjectLookups.js HTTP/1.1" 304 0
[06/Nov/2023 14:30:00] "GET /static/admin/js/filters.js HTTP/1.1" 304 0
[06/Nov/2023 14:30:00] "GET /static/admin/img/tooltag-add.svg HTTP/1.1" 304 0
[06/Nov/2023 14:30:07] "GET /admin/wana/post/01f2474d-6830-4ff0-b372-69958a0c57f3/change/ HTTP/1.1" 200 13271
[06/Nov/2023 14:30:08] "GET /static/admin/css/forms.css HTTP/1.1" 200 9047
[06/Nov/2023 14:30:08] "GET /static/admin/js/calendar.js HTTP/1.1" 200 8466
[06/Nov/2023 14:30:08] "GET /static/admin/js/admin/DateTimeShortcuts.js HTTP/1.1" 200 19319
[06/Nov/2023 14:30:08] "GET /static/admin/js/prepopulate_init.js HTTP/1.1" 200 586
[06/Nov/2023 14:30:08] "GET /admin/jsi18n/ HTTP/1.1" 200 3343
[06/Nov/2023 14:30:09] "GET /static/admin/css/widgets.css HTTP/1.1" 200 11900
[06/Nov/2023 14:30:09] "GET /static/admin/js/change_form.js HTTP/1.1" 200 606
[06/Nov/2023 14:30:10] "GET /static/admin/img/icon-clock.svg HTTP/1.1" 200 677
[06/Nov/2023 14:30:10] "GET /static/admin/img/icon-calendar.svg HTTP/1.1" 200 1086
[06/Nov/2023 14:30:33] "GET /admin/wana/post/ HTTP/1.1" 200 9790
[06/Nov/2023 14:30:36] "GET /admin/wana/post/73f7b454-40db-40b7-a16d-f3fa5a4e2a7a/change/ HTTP/1.1" 200 13149
[06/Nov/2023 14:30:36] "GET /admin/jsi18n/ HTTP/1.1" 200 3343
[06/Nov/2023 14:31:02] "GET /signin HTTP/1.1" 200 5469
[06/Nov/2023 14:31:10] "POST /signin HTTP/1.1" 302 0
[06/Nov/2023 14:31:10] "GET / HTTP/1.1" 200 23766
Not Found: /unpkg.com/ionicons%405.2.3/dist/ionicons.js
[06/Nov/2023 14:31:11] "GET /unpkg.com/ionicons%25405.2.3/dist/ionicons.js HTTP/1.1" 404 4039
[06/Nov/2023 14:31:11] "GET /media/profile_images/R.jpg HTTP/1.1" 304 0
[06/Nov/2023 14:31:11] "GET /static/assets/fonts/Feather-Iconse198.ttf?7ncawf HTTP/1.1" 304 0
[06/Nov/2023 14:31:12] "GET /media/post_images/SaltwaterFish.jpg HTTP/1.1" 200 698932
[06/Nov/2023 14:31:54] "GET /admin/wana/post/73f7b454-40db-40b7-a16d-f3fa5a4e2a7a/delete/ HTTP/1.1" 302 0
[06/Nov/2023 14:31:54] "GET /admin/login/?next=/admin/wana/post/73f7b454-40db-40b7-a16d-f3fa5a4e2a7a/delete/ HTTP/1.1" 200 3809
[06/Nov/2023 14:32:00] "POST /admin/login/?next=/admin/wana/post/73f7b454-40db-40b7-a16d-f3fa5a4e2a7a/delete/ HTTP/1.1" 302 0
[06/Nov/2023 14:32:01] "GET /admin/wana/post/73f7b454-40db-40b7-a16d-f3fa5a4e2a7a/delete/ HTTP/1.1" 200 8316
[06/Nov/2023 14:32:02] "GET /static/admin/js/cancel.js HTTP/1.1" 200 884
[06/Nov/2023 14:32:06] "POST /admin/wana/post/73f7b454-40db-40b7-a16d-f3fa5a4e2a7a/delete/ HTTP/1.1" 302 0
[06/Nov/2023 14:32:06] "GET /admin/wana/post/ HTTP/1.1" 200 9670
[06/Nov/2023 14:32:07] "GET /admin/jsi18n/ HTTP/1.1" 200 3343
[06/Nov/2023 14:32:07] "GET /static/admin/img/icon-yes.svg HTTP/1.1" 304 0
Internal Server Error: /
Traceback (most recent call last):
  File "/usr/local/lib/python3.8/dist-packages/django/core/handlers/exception.py", line 55, in inner
    response = get_response(request)
  File "/usr/local/lib/python3.8/dist-packages/django/core/handlers/base.py", line 197, in _get_response
    response = wrapped_callback(request, *callback_args, **callback_kwargs)
  File "/usr/local/lib/python3.8/dist-packages/django/contrib/auth/decorators.py", line 23, in _wrapper_view
    return view_func(request, *args, **kwargs)
  File "/home/ubuntu/selam_social_web_app/selam_app/wana/views.py", line 15, in index
    user_profile = Profile.objects.get(user=user_object)
  File "/usr/local/lib/python3.8/dist-packages/django/db/models/manager.py", line 87, in manager_method
    return getattr(self.get_queryset(), name)(*args, **kwargs)
  File "/usr/local/lib/python3.8/dist-packages/django/db/models/query.py", line 637, in get
    raise self.model.DoesNotExist(
wana.models.Profile.DoesNotExist: Profile matching query does not exist.
[06/Nov/2023 14:32:15] "GET / HTTP/1.1" 500 73462
Forbidden (CSRF token from POST incorrect.): /signin
[06/Nov/2023 14:32:22] "POST /signin HTTP/1.1" 403 2518
[06/Nov/2023 14:32:40] "GET /signin HTTP/1.1" 200 5469
[06/Nov/2023 14:32:48] "POST /signin HTTP/1.1" 302 0
[06/Nov/2023 14:32:49] "GET / HTTP/1.1" 200 23766
Not Found: /unpkg.com/ionicons%405.2.3/dist/ionicons.js
[06/Nov/2023 14:32:49] "GET /unpkg.com/ionicons%25405.2.3/dist/ionicons.js HTTP/1.1" 404 4039
[06/Nov/2023 14:33:05] "GET /signin HTTP/1.1" 200 5469
[06/Nov/2023 14:33:13] "POST /signin HTTP/1.1" 302 0
[06/Nov/2023 14:33:14] "GET / HTTP/1.1" 200 15704
[06/Nov/2023 14:33:15] "GET /media/profile_images/Dog.jpg HTTP/1.1" 304 0
[06/Nov/2023 14:33:15] "GET /media/profile_images/Temp-600x600.jpg_1_1_LWOB94R.jpg HTTP/1.1" 200 125245
Not Found: /unpkg.com/ionicons%405.2.3/dist/ionicons.js
[06/Nov/2023 14:33:15] "GET /unpkg.com/ionicons%25405.2.3/dist/ionicons.js HTTP/1.1" 404 4039
[06/Nov/2023 14:33:15] "GET /media/profile_images/image_484252f7-de49-49a6-b1bd-19cbdff7ac5620230103_171050_Lcz6LXP.jpg HTTP/1.1" 200 111340
[06/Nov/2023 14:33:23] "GET /profile/Anex HTTP/1.1" 200 5445
[06/Nov/2023 14:33:24] "GET /static/css/style.css HTTP/1.1" 304 0
[06/Nov/2023 14:33:24] "GET /static/css/main.min.css HTTP/1.1" 304 0
[06/Nov/2023 14:33:24] "GET /static/css/color.css HTTP/1.1" 304 0
[06/Nov/2023 14:33:24] "GET /static/css/responsive.css HTTP/1.1" 304 0
Not Found: /profile/cdn-cgi/scripts/5c5dd728/cloudflare-static/email-decode.min.js
[06/Nov/2023 14:33:24] "GET /profile/cdn-cgi/scripts/5c5dd728/cloudflare-static/email-decode.min.js HTTP/1.1" 404 4118
[06/Nov/2023 14:33:24] "GET /static/images/resources/timeline-1.jpg HTTP/1.1" 404 1854
[06/Nov/2023 14:33:24] "GET /static/js/script.js HTTP/1.1" 304 0
[06/Nov/2023 14:33:24] "GET /static/js/main.min.js HTTP/1.1" 304 0
[06/Nov/2023 14:33:25] "GET /static/images/dot-pattern.png HTTP/1.1" 404 1827
[06/Nov/2023 14:33:25] "GET /static/css/strip-skins/strip/close.svg HTTP/1.1" 304 0
[06/Nov/2023 14:33:25] "GET /static/fonts/fontawesome-webfont3e6e.woff2?v=4.7.0 HTTP/1.1" 304 0
[06/Nov/2023 14:33:31] "POST /follow HTTP/1.1" 302 0
[06/Nov/2023 14:33:32] "GET /profile/Anex HTTP/1.1" 200 5448
[06/Nov/2023 14:33:32] "GET /static/images/resources/timeline-1.jpg HTTP/1.1" 404 1854
[06/Nov/2023 14:33:32] "GET /static/images/dot-pattern.png HTTP/1.1" 404 1827
Not Found: /profile/cdn-cgi/scripts/5c5dd728/cloudflare-static/email-decode.min.js
[06/Nov/2023 14:33:32] "GET /profile/cdn-cgi/scripts/5c5dd728/cloudflare-static/email-decode.min.js HTTP/1.1" 404 4118
Not Found: /profile/cdn-cgi/scripts/5c5dd728/cloudflare-static/email-decode.min.js
[06/Nov/2023 14:33:38] "GET /profile/cdn-cgi/scripts/5c5dd728/cloudflare-static/email-decode.min.js HTTP/1.1" 404 4118
[06/Nov/2023 14:33:48] "GET / HTTP/1.1" 200 24906
Not Found: /unpkg.com/ionicons%405.2.3/dist/ionicons.js
[06/Nov/2023 14:33:48] "GET /unpkg.com/ionicons%25405.2.3/dist/ionicons.js HTTP/1.1" 404 4039
[06/Nov/2023 14:34:31] "GET /settings HTTP/1.1" 200 6925
Not Found: /unpkg.com/ionicons%405.2.3/dist/ionicons.js
[06/Nov/2023 14:34:31] "GET /unpkg.com/ionicons%25405.2.3/dist/ionicons.js HTTP/1.1" 404 4039
[06/Nov/2023 14:34:36] "GET / HTTP/1.1" 200 24906
Not Found: /unpkg.com/ionicons%405.2.3/dist/ionicons.js
[06/Nov/2023 14:34:37] "GET /unpkg.com/ionicons%25405.2.3/dist/ionicons.js HTTP/1.1" 404 4039
[06/Nov/2023 14:34:45] "GET /settings HTTP/1.1" 200 6925
Not Found: /unpkg.com/ionicons%405.2.3/dist/ionicons.js
[06/Nov/2023 14:34:46] "GET /unpkg.com/ionicons%25405.2.3/dist/ionicons.js HTTP/1.1" 404 4039
[06/Nov/2023 14:34:51] "GET / HTTP/1.1" 200 24906
Not Found: /unpkg.com/ionicons%405.2.3/dist/ionicons.js
[06/Nov/2023 14:34:52] "GET /unpkg.com/ionicons%25405.2.3/dist/ionicons.js HTTP/1.1" 404 4039
[06/Nov/2023 14:35:08] "GET /signin HTTP/1.1" 200 5469
[06/Nov/2023 14:35:15] "POST /signin HTTP/1.1" 302 0
[06/Nov/2023 14:35:16] "GET / HTTP/1.1" 200 23766
Not Found: /unpkg.com/ionicons%405.2.3/dist/ionicons.js
[06/Nov/2023 14:35:17] "GET /unpkg.com/ionicons%25405.2.3/dist/ionicons.js HTTP/1.1" 404 4039
[06/Nov/2023 14:36:12] "GET /signin HTTP/1.1" 200 5469
[06/Nov/2023 14:36:12] "GET /static/assets/css/uikit.css HTTP/1.1" 304 0
[06/Nov/2023 14:36:13] "GET /static/assets/css/style.css HTTP/1.1" 304 0
[06/Nov/2023 14:36:13] "GET /static/assets/js/jquery-3.3.1.min.js HTTP/1.1" 304 0
[06/Nov/2023 14:36:13] "GET /static/assets/css/tailwind.css HTTP/1.1" 304 0
[06/Nov/2023 14:36:13] "GET /static/assets/css/icons.css HTTP/1.1" 304 0
[06/Nov/2023 14:36:13] "GET /static/assets/js/uikit.js HTTP/1.1" 304 0
[06/Nov/2023 14:36:13] "GET /static/assets/js/tippy.all.min.js HTTP/1.1" 304 0
[06/Nov/2023 14:36:13] "GET /static/assets/js/simplebar.js HTTP/1.1" 304 0
[06/Nov/2023 14:36:13] "GET /static/assets/js/custom.js HTTP/1.1" 304 0
[06/Nov/2023 14:36:14] "GET /static/assets/images/favicon.png HTTP/1.1" 404 1838
[06/Nov/2023 14:36:19] "POST /signin HTTP/1.1" 302 0
[06/Nov/2023 14:36:20] "GET / HTTP/1.1" 200 23766
[06/Nov/2023 14:36:20] "GET /media/profile_images/R.jpg HTTP/1.1" 304 0
[06/Nov/2023 14:36:20] "GET /static/assets/fonts/Feather-Iconse198.ttf?7ncawf HTTP/1.1" 200 65180
Not Found: /unpkg.com/ionicons%405.2.3/dist/ionicons.js
[06/Nov/2023 14:36:20] "GET /unpkg.com/ionicons%25405.2.3/dist/ionicons.js HTTP/1.1" 404 4041
[06/Nov/2023 14:36:21] "GET /media/post_images/SaltwaterFish.jpg HTTP/1.1" 200 698932
[06/Nov/2023 14:36:22] "GET /static/favicon.png HTTP/1.1" 404 1796
[06/Nov/2023 14:36:52] "GET /signin HTTP/1.1" 200 5469
[06/Nov/2023 14:36:55] "POST /signin HTTP/1.1" 302 0
[06/Nov/2023 14:36:56] "GET / HTTP/1.1" 200 23766
Not Found: /unpkg.com/ionicons%405.2.3/dist/ionicons.js
[06/Nov/2023 14:36:56] "GET /unpkg.com/ionicons%25405.2.3/dist/ionicons.js HTTP/1.1" 404 4041
[06/Nov/2023 14:37:17] "GET /signin HTTP/1.1" 200 5469
[06/Nov/2023 14:37:21] "POST /signin HTTP/1.1" 302 0
[06/Nov/2023 14:37:21] "GET / HTTP/1.1" 200 23766
Not Found: /unpkg.com/ionicons%405.2.3/dist/ionicons.js
[06/Nov/2023 14:37:22] "GET /unpkg.com/ionicons%25405.2.3/dist/ionicons.js HTTP/1.1" 404 4041
/usr/local/lib/python3.8/dist-packages/django/db/models/fields/__init__.py:1595: RuntimeWarning: DateTimeField Post.created_at received a naive datetime (2023-11-06 14:38:37.975503) while time zone support is active.
  warnings.warn(
[06/Nov/2023 14:38:37] "POST /upload HTTP/1.1" 302 0
[06/Nov/2023 14:38:38] "GET / HTTP/1.1" 200 23766
Not Found: /unpkg.com/ionicons%405.2.3/dist/ionicons.js
[06/Nov/2023 14:38:38] "GET /unpkg.com/ionicons%25405.2.3/dist/ionicons.js HTTP/1.1" 404 4041
[06/Nov/2023 14:38:53] "GET / HTTP/1.1" 200 23766
Not Found: /unpkg.com/ionicons%405.2.3/dist/ionicons.js
[06/Nov/2023 14:38:53] "GET /unpkg.com/ionicons%25405.2.3/dist/ionicons.js HTTP/1.1" 404 4039
[06/Nov/2023 14:39:04] "GET / HTTP/1.1" 200 23766
Not Found: /unpkg.com/ionicons%405.2.3/dist/ionicons.js
[06/Nov/2023 14:39:05] "GET /unpkg.com/ionicons%25405.2.3/dist/ionicons.js HTTP/1.1" 404 4039
[06/Nov/2023 14:39:23] "GET /logout HTTP/1.1" 302 0
[06/Nov/2023 14:39:23] "GET /signin HTTP/1.1" 200 5469
[06/Nov/2023 14:39:29] "POST /signin HTTP/1.1" 302 0
[06/Nov/2023 14:39:30] "GET / HTTP/1.1" 200 35245
Not Found: /unpkg.com/ionicons%405.2.3/dist/ionicons.js
[06/Nov/2023 14:39:31] "GET /unpkg.com/ionicons%25405.2.3/dist/ionicons.js HTTP/1.1" 404 4039
Forbidden (CSRF token from POST incorrect.): /search
[06/Nov/2023 14:40:09] "POST /search HTTP/1.1" 403 2518
[06/Nov/2023 14:40:23] "GET /profile/Selam HTTP/1.1" 200 5449
Not Found: /profile/cdn-cgi/scripts/5c5dd728/cloudflare-static/email-decode.min.js
[06/Nov/2023 14:40:23] "GET /profile/cdn-cgi/scripts/5c5dd728/cloudflare-static/email-decode.min.js HTTP/1.1" 404 4118
[06/Nov/2023 14:40:24] "GET /static/images/resources/timeline-1.jpg HTTP/1.1" 404 1854
[06/Nov/2023 14:40:24] "GET /static/images/dot-pattern.png HTTP/1.1" 404 1827
[06/Nov/2023 14:40:38] "GET /profile/Selam HTTP/1.1" 200 5449
[06/Nov/2023 14:40:38] "GET /static/images/resources/timeline-1.jpg HTTP/1.1" 404 1854
Not Found: /profile/cdn-cgi/scripts/5c5dd728/cloudflare-static/email-decode.min.js
[06/Nov/2023 14:40:39] "GET /profile/cdn-cgi/scripts/5c5dd728/cloudflare-static/email-decode.min.js HTTP/1.1" 404 4118
[06/Nov/2023 14:40:39] "GET /static/images/dot-pattern.png HTTP/1.1" 404 1827
/usr/local/lib/python3.8/dist-packages/django/db/models/fields/__init__.py:1595: RuntimeWarning: DateTimeField Post.created_at received a naive datetime (2023-11-06 14:41:37.431043) while time zone support is active.
  warnings.warn(
[06/Nov/2023 14:41:37] "POST /upload HTTP/1.1" 302 0
[06/Nov/2023 14:41:37] "GET / HTTP/1.1" 200 23766
Not Found: /unpkg.com/ionicons%405.2.3/dist/ionicons.js
[06/Nov/2023 14:41:38] "GET /unpkg.com/ionicons%25405.2.3/dist/ionicons.js HTTP/1.1" 404 4041
[06/Nov/2023 14:41:43] "GET /profile/Selam HTTP/1.1" 200 5755
Not Found: /profile/cdn-cgi/scripts/5c5dd728/cloudflare-static/email-decode.min.js
[06/Nov/2023 14:41:44] "GET /profile/cdn-cgi/scripts/5c5dd728/cloudflare-static/email-decode.min.js HTTP/1.1" 404 4118
[06/Nov/2023 14:41:44] "GET /static/images/resources/timeline-1.jpg HTTP/1.1" 404 1854
[06/Nov/2023 14:41:44] "GET /static/images/dot-pattern.png HTTP/1.1" 404 1827
[06/Nov/2023 14:41:50] "GET / HTTP/1.1" 200 23766
Not Found: /unpkg.com/ionicons%405.2.3/dist/ionicons.js
[06/Nov/2023 14:41:50] "GET /unpkg.com/ionicons%25405.2.3/dist/ionicons.js HTTP/1.1" 404 4041
[06/Nov/2023 14:42:01] "GET /signin HTTP/1.1" 200 5469
[06/Nov/2023 14:42:17] "POST /signin HTTP/1.1" 302 0
[06/Nov/2023 14:42:18] "GET / HTTP/1.1" 200 45559
[06/Nov/2023 14:42:18] "GET /media/profile_images/Dog.jpg HTTP/1.1" 304 0
[06/Nov/2023 14:42:18] "GET /media/profile_images/image_484252f7-de49-49a6-b1bd-19cbdff7ac5620230103_171050_Lcz6LXP.jpg HTTP/1.1" 200 111340
Not Found: /unpkg.com/ionicons%405.2.3/dist/ionicons.js
[06/Nov/2023 14:42:19] "GET /unpkg.com/ionicons%25405.2.3/dist/ionicons.js HTTP/1.1" 404 4041
[06/Nov/2023 14:42:29] "GET /profile/Selam HTTP/1.1" 200 5755
[06/Nov/2023 14:42:30] "GET /static/images/resources/timeline-1.jpg HTTP/1.1" 404 1854
Not Found: /profile/cdn-cgi/scripts/5c5dd728/cloudflare-static/email-decode.min.js
[06/Nov/2023 14:42:30] "GET /profile/cdn-cgi/scripts/5c5dd728/cloudflare-static/email-decode.min.js HTTP/1.1" 404 4118
[06/Nov/2023 14:42:30] "GET /static/images/dot-pattern.png HTTP/1.1" 404 1827
[06/Nov/2023 14:42:43] "GET /static/assets/fonts/unicons.woff HTTP/1.1" 200 216020
[06/Nov/2023 14:42:44] code 400, message Bad request version ('À\x14À')
[06/Nov/2023 14:42:44] You're accessing the development server over HTTPS, but it only supports HTTP.
[06/Nov/2023 14:42:46] code 400, message Bad request version ('À\x14À')
[06/Nov/2023 14:42:46] You're accessing the development server over HTTPS, but it only supports HTTP.
[06/Nov/2023 14:42:46] "GET / HTTP/1.1" 302 0
[06/Nov/2023 14:42:47] code 400, message Bad request version ('À\x14À')
[06/Nov/2023 14:42:47] You're accessing the development server over HTTPS, but it only supports HTTP.
Not Found: /api/islogged
[06/Nov/2023 14:42:47] "GET /api/islogged HTTP/1.1" 404 3944
[06/Nov/2023 14:42:50] "GET /profile/Zack HTTP/1.1" 200 5184
[06/Nov/2023 14:42:50] "GET /static/css/main.min.css HTTP/1.1" 304 0
[06/Nov/2023 14:42:50] "GET /static/css/style.css HTTP/1.1" 304 0
[06/Nov/2023 14:42:50] "GET /static/images/resources/timeline-1.jpg HTTP/1.1" 404 1856
Not Found: /profile/cdn-cgi/scripts/5c5dd728/cloudflare-static/email-decode.min.js
[06/Nov/2023 14:42:50] "GET /profile/cdn-cgi/scripts/5c5dd728/cloudflare-static/email-decode.min.js HTTP/1.1" 404 4120
[06/Nov/2023 14:42:51,188] - Broken pipe from ('196.190.61.247', 29783)
[06/Nov/2023 14:42:51] "GET /static/css/color.css HTTP/1.1" 304 0
[06/Nov/2023 14:42:51] "GET /static/css/responsive.css HTTP/1.1" 304 0
[06/Nov/2023 14:42:51] "GET /static/js/script.js HTTP/1.1" 304 0
[06/Nov/2023 14:42:51] "GET /static/js/main.min.js HTTP/1.1" 304 0
[06/Nov/2023 14:42:51] "GET /static/images/dot-pattern.png HTTP/1.1" 404 1829
[06/Nov/2023 14:42:52] "GET /static/fonts/fontawesome-webfont3e6e.woff2?v=4.7.0 HTTP/1.1" 304 0
[06/Nov/2023 14:42:52] "GET /static/css/strip-skins/strip/close.svg HTTP/1.1" 304 0
Not Found: /favicon.ico
[06/Nov/2023 14:42:52] "GET /favicon.ico HTTP/1.1" 404 3943
[06/Nov/2023 14:42:56] "GET / HTTP/1.1" 200 45559
Not Found: /unpkg.com/ionicons%405.2.3/dist/ionicons.js
[06/Nov/2023 14:42:57] "GET /unpkg.com/ionicons%25405.2.3/dist/ionicons.js HTTP/1.1" 404 4041
Forbidden (CSRF token from POST incorrect.): /signin
[06/Nov/2023 14:43:09] "POST /signin HTTP/1.1" 403 2518
[06/Nov/2023 14:43:11] "GET /signin HTTP/1.1" 200 5469
[06/Nov/2023 14:43:23] "GET / HTTP/1.1" 200 45559
Not Found: /unpkg.com/ionicons%405.2.3/dist/ionicons.js
[06/Nov/2023 14:43:23] "GET /unpkg.com/ionicons%25405.2.3/dist/ionicons.js HTTP/1.1" 404 4039
[06/Nov/2023 14:43:31] "GET /media/post_images/20230619_170443.heic HTTP/1.1" 200 1077096
[06/Nov/2023 14:43:34] "GET /media/post_images/20230619_170443.heic HTTP/1.1" 200 1077096
[06/Nov/2023 14:44:08] "GET /static/assets/fonts/unicons.woff HTTP/1.1" 200 216020
Forbidden (CSRF token from POST incorrect.): /upload
[06/Nov/2023 14:46:04] "POST /upload HTTP/1.1" 403 2518
Not Found: /unpkg.com/ionicons%405.2.3/dist/ionicons.js
[06/Nov/2023 14:46:08] "GET /unpkg.com/ionicons%25405.2.3/dist/ionicons.js HTTP/1.1" 404 4041
[06/Nov/2023 14:46:14] "GET / HTTP/1.1" 200 45559
Not Found: /unpkg.com/ionicons%405.2.3/dist/ionicons.js
[06/Nov/2023 14:46:14] "GET /unpkg.com/ionicons%25405.2.3/dist/ionicons.js HTTP/1.1" 404 4041
[06/Nov/2023 14:46:23] "GET / HTTP/1.1" 200 45559
Not Found: /unpkg.com/ionicons%405.2.3/dist/ionicons.js
[06/Nov/2023 14:46:23] "GET /unpkg.com/ionicons%25405.2.3/dist/ionicons.js HTTP/1.1" 404 4041
[06/Nov/2023 14:46:24,132] - Broken pipe from ('196.190.61.247', 9951)
[06/Nov/2023 14:46:36] "POST /signin HTTP/1.1" 302 0
[06/Nov/2023 14:46:36] "GET / HTTP/1.1" 200 23766
Not Found: /unpkg.com/ionicons%405.2.3/dist/ionicons.js
[06/Nov/2023 14:46:37] "GET /unpkg.com/ionicons%25405.2.3/dist/ionicons.js HTTP/1.1" 404 4041
[06/Nov/2023 14:46:41] "GET / HTTP/1.1" 200 23766
Not Found: /unpkg.com/ionicons%405.2.3/dist/ionicons.js
[06/Nov/2023 14:46:42] "GET /unpkg.com/ionicons%25405.2.3/dist/ionicons.js HTTP/1.1" 404 4041
[06/Nov/2023 14:46:52] "GET / HTTP/1.1" 200 23766
Not Found: /unpkg.com/ionicons%405.2.3/dist/ionicons.js
[06/Nov/2023 14:46:53] "GET /unpkg.com/ionicons%25405.2.3/dist/ionicons.js HTTP/1.1" 404 4041
[06/Nov/2023 14:47:10] "GET /signin HTTP/1.1" 200 5469
[06/Nov/2023 14:47:14] "POST /signin HTTP/1.1" 302 0
[06/Nov/2023 14:47:14] "GET / HTTP/1.1" 200 45559
Not Found: /unpkg.com/ionicons%405.2.3/dist/ionicons.js
[06/Nov/2023 14:47:15] "GET /unpkg.com/ionicons%25405.2.3/dist/ionicons.js HTTP/1.1" 404 4041
[06/Nov/2023 14:47:28] "GET / HTTP/1.1" 200 45559
Not Found: /unpkg.com/ionicons%405.2.3/dist/ionicons.js
[06/Nov/2023 14:47:29] "GET /unpkg.com/ionicons%25405.2.3/dist/ionicons.js HTTP/1.1" 404 4041
[06/Nov/2023 14:47:29,584] - Broken pipe from ('196.190.61.247', 2506)
[06/Nov/2023 14:47:46] "GET / HTTP/1.1" 200 45559
[06/Nov/2023 14:47:47] "GET /media/post_images/20230619_170443.heic HTTP/1.1" 200 1077096
Not Found: /unpkg.com/ionicons%405.2.3/dist/ionicons.js
[06/Nov/2023 14:47:47] "GET /unpkg.com/ionicons%25405.2.3/dist/ionicons.js HTTP/1.1" 404 4039
[06/Nov/2023 14:48:20] "GET /profile/Selam HTTP/1.1" 200 5755
[06/Nov/2023 14:48:20] "GET /static/images/resources/timeline-1.jpg HTTP/1.1" 404 1854
Not Found: /profile/cdn-cgi/scripts/5c5dd728/cloudflare-static/email-decode.min.js
[06/Nov/2023 14:48:21] "GET /profile/cdn-cgi/scripts/5c5dd728/cloudflare-static/email-decode.min.js HTTP/1.1" 404 4118
[06/Nov/2023 14:48:21] "GET /static/images/dot-pattern.png HTTP/1.1" 404 1827
[06/Nov/2023 14:48:34] "GET /signin HTTP/1.1" 200 5469
[06/Nov/2023 14:48:37] "POST /signin HTTP/1.1" 302 0
[06/Nov/2023 14:48:38] "GET / HTTP/1.1" 200 23766
Not Found: /unpkg.com/ionicons%405.2.3/dist/ionicons.js
[06/Nov/2023 14:48:38] "GET /unpkg.com/ionicons%25405.2.3/dist/ionicons.js HTTP/1.1" 404 4041
/usr/local/lib/python3.8/dist-packages/django/db/models/fields/__init__.py:1595: RuntimeWarning: DateTimeField Post.created_at received a naive datetime (2023-11-06 14:49:22.206735) while time zone support is active.
  warnings.warn(
[06/Nov/2023 14:49:22] "POST /upload HTTP/1.1" 302 0
[06/Nov/2023 14:49:22] "GET / HTTP/1.1" 200 23766
Not Found: /unpkg.com/ionicons%405.2.3/dist/ionicons.js
[06/Nov/2023 14:49:23] "GET /unpkg.com/ionicons%25405.2.3/dist/ionicons.js HTTP/1.1" 404 4041
Not Found: /unpkg.com/ionicons%405.2.3/dist/ionicons.js
[06/Nov/2023 14:49:38] "GET /unpkg.com/ionicons%25405.2.3/dist/ionicons.js HTTP/1.1" 404 4039
[06/Nov/2023 14:49:43] "GET / HTTP/1.1" 200 55868
Not Found: /unpkg.com/ionicons%405.2.3/dist/ionicons.js
[06/Nov/2023 14:49:44] "GET /unpkg.com/ionicons%25405.2.3/dist/ionicons.js HTTP/1.1" 404 4039
[06/Nov/2023 14:49:48] "GET /media/post_images/20220617_170641.jpg HTTP/1.1" 200 1703576
[06/Nov/2023 14:50:15] "GET /admin/ HTTP/1.1" 302 0
[06/Nov/2023 14:50:16] "GET /admin/login/?next=/admin/ HTTP/1.1" 200 3701
[06/Nov/2023 14:50:23] "POST /admin/login/?next=/admin/ HTTP/1.1" 302 0
[06/Nov/2023 14:50:23] "GET /admin/ HTTP/1.1" 200 8784
[06/Nov/2023 14:50:42] "GET / HTTP/1.1" 200 23766
Not Found: /unpkg.com/ionicons%405.2.3/dist/ionicons.js
[06/Nov/2023 14:50:43] "GET /unpkg.com/ionicons%25405.2.3/dist/ionicons.js HTTP/1.1" 404 4041
[06/Nov/2023 14:51:02] "GET /admin/ HTTP/1.1" 200 8784
Internal Server Error: /
Traceback (most recent call last):
  File "/usr/local/lib/python3.8/dist-packages/django/core/handlers/exception.py", line 55, in inner
    response = get_response(request)
  File "/usr/local/lib/python3.8/dist-packages/django/core/handlers/base.py", line 197, in _get_response
    response = wrapped_callback(request, *callback_args, **callback_kwargs)
  File "/usr/local/lib/python3.8/dist-packages/django/contrib/auth/decorators.py", line 23, in _wrapper_view
    return view_func(request, *args, **kwargs)
  File "/home/ubuntu/selam_social_web_app/selam_app/wana/views.py", line 15, in index
    user_profile = Profile.objects.get(user=user_object)
  File "/usr/local/lib/python3.8/dist-packages/django/db/models/manager.py", line 87, in manager_method
    return getattr(self.get_queryset(), name)(*args, **kwargs)
  File "/usr/local/lib/python3.8/dist-packages/django/db/models/query.py", line 637, in get
    raise self.model.DoesNotExist(
wana.models.Profile.DoesNotExist: Profile matching query does not exist.
[06/Nov/2023 14:51:14] "GET / HTTP/1.1" 500 73462
[06/Nov/2023 14:51:17] "GET /signin HTTP/1.1" 200 5469
[06/Nov/2023 14:51:23] "POST /signin HTTP/1.1" 302 0
[06/Nov/2023 14:51:24] "GET / HTTP/1.1" 200 55868
[06/Nov/2023 14:51:24] "GET /media/post_images/20220617_170641.jpg HTTP/1.1" 304 0
Not Found: /unpkg.com/ionicons%405.2.3/dist/ionicons.js
[06/Nov/2023 14:51:25] "GET /unpkg.com/ionicons%25405.2.3/dist/ionicons.js HTTP/1.1" 404 4039
[06/Nov/2023 14:51:46] "GET /admin/wana/post/ HTTP/1.1" 302 0
[06/Nov/2023 14:51:47] "GET /admin/login/?next=/admin/wana/post/ HTTP/1.1" 200 3721
[06/Nov/2023 14:51:53] "POST /admin/login/?next=/admin/wana/post/ HTTP/1.1" 302 0
[06/Nov/2023 14:51:53] "GET /admin/wana/post/ HTTP/1.1" 200 10332
[06/Nov/2023 14:51:54] "GET /admin/jsi18n/ HTTP/1.1" 200 3343
[06/Nov/2023 14:52:15] "GET /admin/wana/post/6e9c27df-bbcf-46b0-95f2-8d4980252e96/change/ HTTP/1.1" 200 13275
[06/Nov/2023 14:52:16] "GET /admin/jsi18n/ HTTP/1.1" 200 3343
[06/Nov/2023 14:52:24] "GET /admin/wana/post/ HTTP/1.1" 200 10332
[06/Nov/2023 14:52:28] "GET /admin/wana/post/96d38b3f-158c-422d-901a-8fa51d532f22/change/ HTTP/1.1" 200 13296
[06/Nov/2023 14:52:29] "GET /admin/jsi18n/ HTTP/1.1" 200 3343
[06/Nov/2023 14:52:43] "GET /admin/wana/post/96d38b3f-158c-422d-901a-8fa51d532f22/delete/ HTTP/1.1" 200 8316
[06/Nov/2023 14:52:46] "POST /admin/wana/post/96d38b3f-158c-422d-901a-8fa51d532f22/delete/ HTTP/1.1" 302 0
[06/Nov/2023 14:52:47] "GET /admin/wana/post/ HTTP/1.1" 200 10213
[06/Nov/2023 14:52:48] "GET /admin/jsi18n/ HTTP/1.1" 200 3343
[06/Nov/2023 14:52:53] "GET /admin/wana/post/6e9c27df-bbcf-46b0-95f2-8d4980252e96/change/ HTTP/1.1" 200 13275
[06/Nov/2023 14:52:54] "GET /admin/jsi18n/ HTTP/1.1" 200 3343
[06/Nov/2023 14:52:58] "GET /admin/wana/post/ HTTP/1.1" 200 10061
[06/Nov/2023 14:53:02] "GET /admin/wana/post/5093f72a-69f7-46da-be12-a0d6168cdef4/change/ HTTP/1.1" 200 13279
[06/Nov/2023 14:53:03] "GET /admin/jsi18n/ HTTP/1.1" 200 3343
[06/Nov/2023 14:53:13] "GET /admin/wana/post/5093f72a-69f7-46da-be12-a0d6168cdef4/delete/ HTTP/1.1" 200 8316
[06/Nov/2023 14:53:16] "POST /admin/wana/post/5093f72a-69f7-46da-be12-a0d6168cdef4/delete/ HTTP/1.1" 302 0
[06/Nov/2023 14:53:17] "GET /admin/wana/post/ HTTP/1.1" 200 9942
[06/Nov/2023 14:53:17] "GET /admin/jsi18n/ HTTP/1.1" 200 3343
[06/Nov/2023 14:53:21] "GET /admin/wana/post/6e9c27df-bbcf-46b0-95f2-8d4980252e96/change/ HTTP/1.1" 200 13275
[06/Nov/2023 14:53:22] "GET /admin/jsi18n/ HTTP/1.1" 200 3343
Internal Server Error: /
Traceback (most recent call last):
  File "/usr/local/lib/python3.8/dist-packages/django/core/handlers/exception.py", line 55, in inner
    response = get_response(request)
  File "/usr/local/lib/python3.8/dist-packages/django/core/handlers/base.py", line 197, in _get_response
    response = wrapped_callback(request, *callback_args, **callback_kwargs)
  File "/usr/local/lib/python3.8/dist-packages/django/contrib/auth/decorators.py", line 23, in _wrapper_view
    return view_func(request, *args, **kwargs)
  File "/home/ubuntu/selam_social_web_app/selam_app/wana/views.py", line 15, in index
    user_profile = Profile.objects.get(user=user_object)
  File "/usr/local/lib/python3.8/dist-packages/django/db/models/manager.py", line 87, in manager_method
    return getattr(self.get_queryset(), name)(*args, **kwargs)
  File "/usr/local/lib/python3.8/dist-packages/django/db/models/query.py", line 637, in get
    raise self.model.DoesNotExist(
wana.models.Profile.DoesNotExist: Profile matching query does not exist.
[06/Nov/2023 14:53:29] "GET / HTTP/1.1" 500 73462
Forbidden (CSRF token from POST incorrect.): /signin
[06/Nov/2023 14:53:35] "POST /signin HTTP/1.1" 403 2518
[06/Nov/2023 14:53:37] "GET /signin HTTP/1.1" 200 5469
[06/Nov/2023 14:53:44] "POST /signin HTTP/1.1" 302 0
[06/Nov/2023 14:53:45] "GET / HTTP/1.1" 200 35215
Not Found: /unpkg.com/ionicons%405.2.3/dist/ionicons.js
[06/Nov/2023 14:53:45] "GET /unpkg.com/ionicons%25405.2.3/dist/ionicons.js HTTP/1.1" 404 4039
[06/Nov/2023 14:53:45] "GET /media/post_images/20220617_170641.jpg HTTP/1.1" 304 0
[06/Nov/2023 14:54:35] "GET /admin/ HTTP/1.1" 302 0
[06/Nov/2023 14:54:36] "GET /admin/login/?next=/admin/ HTTP/1.1" 200 3701
[06/Nov/2023 14:54:43] "POST /admin/login/?next=/admin/ HTTP/1.1" 302 0
[06/Nov/2023 14:54:44] "GET /admin/ HTTP/1.1" 200 9262
[06/Nov/2023 14:54:51] "GET /like-post?post_id=01f2474d-6830-4ff0-b372-69958a0c57f3 HTTP/1.1" 302 0
Internal Server Error: /
Traceback (most recent call last):
  File "/usr/local/lib/python3.8/dist-packages/django/core/handlers/exception.py", line 55, in inner
    response = get_response(request)
  File "/usr/local/lib/python3.8/dist-packages/django/core/handlers/base.py", line 197, in _get_response
    response = wrapped_callback(request, *callback_args, **callback_kwargs)
  File "/usr/local/lib/python3.8/dist-packages/django/contrib/auth/decorators.py", line 23, in _wrapper_view
    return view_func(request, *args, **kwargs)
  File "/home/ubuntu/selam_social_web_app/selam_app/wana/views.py", line 15, in index
    user_profile = Profile.objects.get(user=user_object)
  File "/usr/local/lib/python3.8/dist-packages/django/db/models/manager.py", line 87, in manager_method
    return getattr(self.get_queryset(), name)(*args, **kwargs)
  File "/usr/local/lib/python3.8/dist-packages/django/db/models/query.py", line 637, in get
    raise self.model.DoesNotExist(
wana.models.Profile.DoesNotExist: Profile matching query does not exist.
[06/Nov/2023 14:54:52] "GET / HTTP/1.1" 500 73319
[06/Nov/2023 14:54:57] "GET /signin HTTP/1.1" 200 5469
[06/Nov/2023 14:55:04] "POST /signin HTTP/1.1" 302 0
[06/Nov/2023 14:55:05] "GET / HTTP/1.1" 200 35224
Not Found: /unpkg.com/ionicons%405.2.3/dist/ionicons.js
[06/Nov/2023 14:55:05] "GET /unpkg.com/ionicons%25405.2.3/dist/ionicons.js HTTP/1.1" 404 4039
[06/Nov/2023 14:55:05] "GET /media/post_images/20220617_170641.jpg HTTP/1.1" 304 0
[06/Nov/2023 14:55:12] "GET /like-post?post_id=6e9c27df-bbcf-46b0-95f2-8d4980252e96 HTTP/1.1" 302 0
[06/Nov/2023 14:55:13] "GET / HTTP/1.1" 200 35233
Not Found: /unpkg.com/ionicons%405.2.3/dist/ionicons.js
[06/Nov/2023 14:55:14] "GET /unpkg.com/ionicons%25405.2.3/dist/ionicons.js HTTP/1.1" 404 4039
[06/Nov/2023 14:56:00] "GET /admin/wana/likepost/ HTTP/1.1" 302 0
[06/Nov/2023 14:56:01] "GET /admin/login/?next=/admin/wana/likepost/ HTTP/1.1" 200 3729
[06/Nov/2023 14:56:07] "POST /admin/login/?next=/admin/wana/likepost/ HTTP/1.1" 302 0
[06/Nov/2023 14:56:08] "GET /admin/wana/likepost/ HTTP/1.1" 200 9707
[06/Nov/2023 14:56:08] "GET /admin/jsi18n/ HTTP/1.1" 200 3343
Traceback (most recent call last):
  File "/usr/lib/python3.8/wsgiref/handlers.py", line 138, in run
    self.finish_response()
  File "/usr/local/lib/python3.8/dist-packages/django/core/servers/basehttp.py", line 173, in finish_response
    super().finish_response()
  File "/usr/lib/python3.8/wsgiref/handlers.py", line 184, in finish_response
    self.write(data)
  File "/usr/lib/python3.8/wsgiref/handlers.py", line 293, in write
    self._write(data)
  File "/usr/lib/python3.8/wsgiref/handlers.py", line 467, in _write
    result = self.stdout.write(data)
  File "/usr/lib/python3.8/socketserver.py", line 826, in write
    self._sock.sendall(b)
TimeoutError: [Errno 110] Connection timed out
[06/Nov/2023 14:56:26] "GET /admin/wana/profile/ HTTP/1.1" 200 10090
[06/Nov/2023 14:56:26] "GET /admin/jsi18n/ HTTP/1.1" 200 3343
Traceback (most recent call last):
  File "/usr/lib/python3.8/wsgiref/handlers.py", line 138, in run
    self.finish_response()
  File "/usr/local/lib/python3.8/dist-packages/django/core/servers/basehttp.py", line 173, in finish_response
    super().finish_response()
  File "/usr/lib/python3.8/wsgiref/handlers.py", line 184, in finish_response
    self.write(data)
  File "/usr/lib/python3.8/wsgiref/handlers.py", line 293, in write
    self._write(data)
  File "/usr/lib/python3.8/wsgiref/handlers.py", line 467, in _write
    result = self.stdout.write(data)
  File "/usr/lib/python3.8/socketserver.py", line 826, in write
    self._sock.sendall(b)
TimeoutError: [Errno 110] Connection timed out
Traceback (most recent call last):
  File "/usr/lib/python3.8/wsgiref/handlers.py", line 138, in run
    self.finish_response()
  File "/usr/local/lib/python3.8/dist-packages/django/core/servers/basehttp.py", line 173, in finish_response
    super().finish_response()
  File "/usr/lib/python3.8/wsgiref/handlers.py", line 184, in finish_response
    self.write(data)
  File "/usr/lib/python3.8/wsgiref/handlers.py", line 293, in write
    self._write(data)
  File "/usr/lib/python3.8/wsgiref/handlers.py", line 467, in _write
    result = self.stdout.write(data)
  File "/usr/lib/python3.8/socketserver.py", line 826, in write
    self._sock.sendall(b)
TimeoutError: [Errno 110] Connection timed out
Internal Server Error: /
Traceback (most recent call last):
  File "/usr/local/lib/python3.8/dist-packages/django/core/handlers/exception.py", line 55, in inner
    response = get_response(request)
  File "/usr/local/lib/python3.8/dist-packages/django/core/handlers/base.py", line 197, in _get_response
    response = wrapped_callback(request, *callback_args, **callback_kwargs)
  File "/usr/local/lib/python3.8/dist-packages/django/contrib/auth/decorators.py", line 23, in _wrapper_view
    return view_func(request, *args, **kwargs)
  File "/home/ubuntu/selam_social_web_app/selam_app/wana/views.py", line 15, in index
    user_profile = Profile.objects.get(user=user_object)
  File "/usr/local/lib/python3.8/dist-packages/django/db/models/manager.py", line 87, in manager_method
    return getattr(self.get_queryset(), name)(*args, **kwargs)
  File "/usr/local/lib/python3.8/dist-packages/django/db/models/query.py", line 637, in get
    raise self.model.DoesNotExist(
wana.models.Profile.DoesNotExist: Profile matching query does not exist.
[06/Nov/2023 14:57:13] "GET / HTTP/1.1" 500 73462
Internal Server Error: /
Traceback (most recent call last):
  File "/usr/local/lib/python3.8/dist-packages/django/core/handlers/exception.py", line 55, in inner
    response = get_response(request)
  File "/usr/local/lib/python3.8/dist-packages/django/core/handlers/base.py", line 197, in _get_response
    response = wrapped_callback(request, *callback_args, **callback_kwargs)
  File "/usr/local/lib/python3.8/dist-packages/django/contrib/auth/decorators.py", line 23, in _wrapper_view
    return view_func(request, *args, **kwargs)
  File "/home/ubuntu/selam_social_web_app/selam_app/wana/views.py", line 15, in index
    user_profile = Profile.objects.get(user=user_object)
  File "/usr/local/lib/python3.8/dist-packages/django/db/models/manager.py", line 87, in manager_method
    return getattr(self.get_queryset(), name)(*args, **kwargs)
  File "/usr/local/lib/python3.8/dist-packages/django/db/models/query.py", line 637, in get
    raise self.model.DoesNotExist(
wana.models.Profile.DoesNotExist: Profile matching query does not exist.
[06/Nov/2023 14:57:17] "GET / HTTP/1.1" 500 73462
[06/Nov/2023 14:57:18] "GET /signin HTTP/1.1" 200 5469
[06/Nov/2023 14:57:27] "POST /signin HTTP/1.1" 302 0
[06/Nov/2023 14:57:28] "GET / HTTP/1.1" 200 23775
Not Found: /unpkg.com/ionicons%405.2.3/dist/ionicons.js
[06/Nov/2023 14:57:28] "GET /unpkg.com/ionicons%25405.2.3/dist/ionicons.js HTTP/1.1" 404 4039
[06/Nov/2023 14:57:35] "GET / HTTP/1.1" 200 23775
Not Found: /unpkg.com/ionicons%405.2.3/dist/ionicons.js
[06/Nov/2023 14:57:36] "GET /unpkg.com/ionicons%25405.2.3/dist/ionicons.js HTTP/1.1" 404 4039
[06/Nov/2023 14:57:45] "GET /logout HTTP/1.1" 302 0
[06/Nov/2023 14:57:46] "GET /signin HTTP/1.1" 200 5469
[06/Nov/2023 14:57:51] "POST /signin HTTP/1.1" 302 0
[06/Nov/2023 14:57:51] "GET / HTTP/1.1" 200 35233
[06/Nov/2023 14:57:52] "GET /media/post_images/20220617_170641.jpg HTTP/1.1" 304 0
Not Found: /unpkg.com/ionicons%405.2.3/dist/ionicons.js
[06/Nov/2023 14:57:52] "GET /unpkg.com/ionicons%25405.2.3/dist/ionicons.js HTTP/1.1" 404 4039
Traceback (most recent call last):
  File "/usr/lib/python3.8/wsgiref/handlers.py", line 138, in run
    self.finish_response()
  File "/usr/local/lib/python3.8/dist-packages/django/core/servers/basehttp.py", line 173, in finish_response
    super().finish_response()
  File "/usr/lib/python3.8/wsgiref/handlers.py", line 184, in finish_response
    self.write(data)
  File "/usr/lib/python3.8/wsgiref/handlers.py", line 293, in write
    self._write(data)
  File "/usr/lib/python3.8/wsgiref/handlers.py", line 467, in _write
    result = self.stdout.write(data)
  File "/usr/lib/python3.8/socketserver.py", line 826, in write
    self._sock.sendall(b)
TimeoutError: [Errno 110] Connection timed out
Traceback (most recent call last):
  File "/usr/lib/python3.8/wsgiref/handlers.py", line 138, in run
    self.finish_response()
  File "/usr/local/lib/python3.8/dist-packages/django/core/servers/basehttp.py", line 173, in finish_response
    super().finish_response()
  File "/usr/lib/python3.8/wsgiref/handlers.py", line 184, in finish_response
    self.write(data)
  File "/usr/lib/python3.8/wsgiref/handlers.py", line 293, in write
    self._write(data)
  File "/usr/lib/python3.8/wsgiref/handlers.py", line 467, in _write
    result = self.stdout.write(data)
  File "/usr/lib/python3.8/socketserver.py", line 826, in write
    self._sock.sendall(b)
TimeoutError: [Errno 110] Connection timed out
Traceback (most recent call last):
  File "/usr/lib/python3.8/wsgiref/handlers.py", line 138, in run
    self.finish_response()
  File "/usr/local/lib/python3.8/dist-packages/django/core/servers/basehttp.py", line 173, in finish_response
    super().finish_response()
  File "/usr/lib/python3.8/wsgiref/handlers.py", line 184, in finish_response
    self.write(data)
  File "/usr/lib/python3.8/wsgiref/handlers.py", line 293, in write
    self._write(data)
  File "/usr/lib/python3.8/wsgiref/handlers.py", line 467, in _write
    result = self.stdout.write(data)
  File "/usr/lib/python3.8/socketserver.py", line 826, in write
    self._sock.sendall(b)
TimeoutError: [Errno 110] Connection timed out
